
> @cathedral/synth-lab@0.1.0 build /Users/rebeccalemke/cathedral/apps/synth-lab
> vite build

[33mThe CJS build of Vite's Node API is deprecated. See https://vite.dev/guide/troubleshooting.html#vite-cjs-node-api-deprecated for more details.[39m
[31mfailed to load config from /Users/rebeccalemke/cathedral/apps/synth-lab/vite.config.ts[39m
[31merror during build:
Error: Cannot find module '@vitejs/plugin-react'
Require stack:
- /Users/rebeccalemke/cathedral/apps/synth-lab/vite.config.ts
- /Users/rebeccalemke/cathedral/node_modules/vite/dist/node/chunks/dep-BK3b2jBa.js
    at Function._resolveFilename (node:internal/modules/cjs/loader:1383:15)
    at defaultResolveImpl (node:internal/modules/cjs/loader:1025:19)
    at resolveForCJSWithHooks (node:internal/modules/cjs/loader:1030:22)
    at Function._load (node:internal/modules/cjs/loader:1192:37)
    at TracingChannel.traceSync (node:diagnostics_channel:322:14)
    at wrapModuleLoad (node:internal/modules/cjs/loader:237:24)
    at Module.require (node:internal/modules/cjs/loader:1463:12)
    at require (node:internal/modules/helpers:147:16)
    at Object.<anonymous> (/Users/rebeccalemke/cathedral/apps/synth-lab/vite.config.ts:37:35)
    at Module._compile (node:internal/modules/cjs/loader:1706:14)[39m
[41m[30m ELIFECYCLE [39m[49m [31mCommand failed with exit code 1.[39m
[43m[30m WARN [39m[49m  Local package.json exists, but node_modules missing, did you mean to install?
